# JRE version: Java(TM) SE Runtime Environment (17.0.6+9) (build 17.0.6+9-LTS-190)
# Java VM: Java HotSpot(TM) 64-Bit Server VM (17.0.6+9-LTS-190, mixed mode, sharing, tiered, compressed oops, compressed class ptrs, parallel gc, windows-amd64)
GC Precious Log:
 CPUs: 20 total, 20 available
 Memory: 16300M
 Large Page Support: Disabled
 NUMA Support: Disabled
 Compressed Oops: Enabled (32-bit)
 Alignments: Space 512K, Generation 512K, Heap 2M
 Heap Min Capacity: 100M
 Heap Initial Capacity: 100M
 Heap Max Capacity: 1G
 Pre-touch: Disabled
 Parallel Workers: 15
Heap:
 PSYoungGen      total 23040K, used 21577K [0x00000000eab00000, 0x00000000ec480000, 0x0000000100000000)
  eden space 22016K, 93% used [0x00000000eab00000,0x00000000ebf15d48,0x00000000ec080000)
  from space 1024K, 98% used [0x00000000ec300000,0x00000000ec3fc718,0x00000000ec400000)
  to   space 512K, 0% used [0x00000000ec400000,0x00000000ec400000,0x00000000ec480000)
 ParOldGen       total 68608K, used 21111K [0x00000000c0000000, 0x00000000c4300000, 0x00000000eab00000)
  object space 68608K, 30% used [0x00000000c0000000,0x00000000c149dd28,0x00000000c4300000)
 Metaspace       used 36762K, committed 37568K, reserved 1089536K
  class space    used 3650K, committed 4032K, reserved 1048576K
GC Heap History (20 events):
Event: 3.980 GC heap before
{Heap before GC invocations=8 (full 1):
 PSYoungGen      total 30720K, used 25088K [0x00000000eab00000, 0x00000000ece80000, 0x0000000100000000)
  eden space 25088K, 100% used [0x00000000eab00000,0x00000000ec380000,0x00000000ec380000)
  from space 5632K, 0% used [0x00000000ec900000,0x00000000ec900000,0x00000000ece80000)
  to   space 5632K, 0% used [0x00000000ec380000,0x00000000ec380000,0x00000000ec900000)
 ParOldGen       total 68608K, used 11325K [0x00000000c0000000, 0x00000000c4300000, 0x00000000eab00000)
  object space 68608K, 16% used [0x00000000c0000000,0x00000000c0b0f720,0x00000000c4300000)
 Metaspace       used 23269K, committed 23872K, reserved 1073152K
  class space    used 2153K, committed 2432K, reserved 1048576K
}
Event: 3.981 GC heap after
{Heap after GC invocations=8 (full 1):
 PSYoungGen      total 26112K, used 1300K [0x00000000eab00000, 0x00000000ec980000, 0x0000000100000000)
  eden space 24576K, 0% used [0x00000000eab00000,0x00000000eab00000,0x00000000ec300000)
  from space 1536K, 84% used [0x00000000ec380000,0x00000000ec4c5100,0x00000000ec500000)
  to   space 3072K, 0% used [0x00000000ec680000,0x00000000ec680000,0x00000000ec980000)
 ParOldGen       total 68608K, used 11333K [0x00000000c0000000, 0x00000000c4300000, 0x00000000eab00000)
  object space 68608K, 16% used [0x00000000c0000000,0x00000000c0b11720,0x00000000c4300000)
 Metaspace       used 23269K, committed 23872K, reserved 1073152K
  class space    used 2153K, committed 2432K, reserved 1048576K
}
Event: 4.256 GC heap before
{Heap before GC invocations=9 (full 1):
 PSYoungGen      total 26112K, used 25876K [0x00000000eab00000, 0x00000000ec980000, 0x0000000100000000)
  eden space 24576K, 100% used [0x00000000eab00000,0x00000000ec300000,0x00000000ec300000)
  from space 1536K, 84% used [0x00000000ec380000,0x00000000ec4c5100,0x00000000ec500000)
  to   space 3072K, 0% used [0x00000000ec680000,0x00000000ec680000,0x00000000ec980000)
 ParOldGen       total 68608K, used 11333K [0x00000000c0000000, 0x00000000c4300000, 0x00000000eab00000)
  object space 68608K, 16% used [0x00000000c0000000,0x00000000c0b11720,0x00000000c4300000)
 Metaspace       used 27058K, committed 27776K, reserved 1081344K
  class space    used 2606K, committed 2880K, reserved 1048576K
}
Event: 4.257 GC heap after
{Heap after GC invocations=9 (full 1):
 PSYoungGen      total 26624K, used 2393K [0x00000000eab00000, 0x00000000ec900000, 0x0000000100000000)
  eden space 24064K, 0% used [0x00000000eab00000,0x00000000eab00000,0x00000000ec280000)
  from space 2560K, 93% used [0x00000000ec680000,0x00000000ec8d67e0,0x00000000ec900000)
  to   space 3072K, 0% used [0x00000000ec300000,0x00000000ec300000,0x00000000ec600000)
 ParOldGen       total 68608K, used 11341K [0x00000000c0000000, 0x00000000c4300000, 0x00000000eab00000)
  object space 68608K, 16% used [0x00000000c0000000,0x00000000c0b13720,0x00000000c4300000)
 Metaspace       used 27058K, committed 27776K, reserved 1081344K
  class space    used 2606K, committed 2880K, reserved 1048576K
}
Event: 6.995 GC heap before
{Heap before GC invocations=10 (full 1):
 PSYoungGen      total 26624K, used 26457K [0x00000000eab00000, 0x00000000ec900000, 0x0000000100000000)
  eden space 24064K, 100% used [0x00000000eab00000,0x00000000ec280000,0x00000000ec280000)
  from space 2560K, 93% used [0x00000000ec680000,0x00000000ec8d67e0,0x00000000ec900000)
  to   space 3072K, 0% used [0x00000000ec300000,0x00000000ec300000,0x00000000ec600000)
 ParOldGen       total 68608K, used 11341K [0x00000000c0000000, 0x00000000c4300000, 0x00000000eab00000)
  object space 68608K, 16% used [0x00000000c0000000,0x00000000c0b13720,0x00000000c4300000)
 Metaspace       used 30902K, committed 31616K, reserved 1081344K
  class space    used 3014K, committed 3328K, reserved 1048576K
}
Event: 7.008 GC heap after
{Heap after GC invocations=10 (full 1):
 PSYoungGen      total 26624K, used 3061K [0x00000000eab00000, 0x00000000ecb00000, 0x0000000100000000)
  eden space 23552K, 0% used [0x00000000eab00000,0x00000000eab00000,0x00000000ec200000)
  from space 3072K, 99% used [0x00000000ec300000,0x00000000ec5fd628,0x00000000ec600000)
  to   space 4608K, 0% used [0x00000000ec680000,0x00000000ec680000,0x00000000ecb00000)
 ParOldGen       total 68608K, used 12130K [0x00000000c0000000, 0x00000000c4300000, 0x00000000eab00000)
  object space 68608K, 17% used [0x00000000c0000000,0x00000000c0bd8b18,0x00000000c4300000)
 Metaspace       used 30902K, committed 31616K, reserved 1081344K
  class space    used 3014K, committed 3328K, reserved 1048576K
}
Event: 7.190 GC heap before
{Heap before GC invocations=11 (full 1):
 PSYoungGen      total 26624K, used 26613K [0x00000000eab00000, 0x00000000ecb00000, 0x0000000100000000)
  eden space 23552K, 100% used [0x00000000eab00000,0x00000000ec200000,0x00000000ec200000)
  from space 3072K, 99% used [0x00000000ec300000,0x00000000ec5fd628,0x00000000ec600000)
  to   space 4608K, 0% used [0x00000000ec680000,0x00000000ec680000,0x00000000ecb00000)
 ParOldGen       total 68608K, used 12130K [0x00000000c0000000, 0x00000000c4300000, 0x00000000eab00000)
  object space 68608K, 17% used [0x00000000c0000000,0x00000000c0bd8b18,0x00000000c4300000)
 Metaspace       used 31524K, committed 32256K, reserved 1081344K
  class space    used 3107K, committed 3456K, reserved 1048576K
}
Event: 7.194 GC heap after
{Heap after GC invocations=11 (full 1):
 PSYoungGen      total 27136K, used 3708K [0x00000000eab00000, 0x00000000eca80000, 0x0000000100000000)
  eden space 23040K, 0% used [0x00000000eab00000,0x00000000eab00000,0x00000000ec180000)
  from space 4096K, 90% used [0x00000000ec680000,0x00000000eca1f258,0x00000000eca80000)
  to   space 4096K, 0% used [0x00000000ec280000,0x00000000ec280000,0x00000000ec680000)
 ParOldGen       total 68608K, used 13937K [0x00000000c0000000, 0x00000000c4300000, 0x00000000eab00000)
  object space 68608K, 20% used [0x00000000c0000000,0x00000000c0d9c738,0x00000000c4300000)
 Metaspace       used 31524K, committed 32256K, reserved 1081344K
  class space    used 3107K, committed 3456K, reserved 1048576K
}
Event: 7.337 GC heap before
{Heap before GC invocations=12 (full 1):
 PSYoungGen      total 27136K, used 26748K [0x00000000eab00000, 0x00000000eca80000, 0x0000000100000000)
  eden space 23040K, 100% used [0x00000000eab00000,0x00000000ec180000,0x00000000ec180000)
  from space 4096K, 90% used [0x00000000ec680000,0x00000000eca1f258,0x00000000eca80000)
  to   space 4096K, 0% used [0x00000000ec280000,0x00000000ec280000,0x00000000ec680000)
 ParOldGen       total 68608K, used 13937K [0x00000000c0000000, 0x00000000c4300000, 0x00000000eab00000)
  object space 68608K, 20% used [0x00000000c0000000,0x00000000c0d9c738,0x00000000c4300000)
 Metaspace       used 31620K, committed 32448K, reserved 1081344K
  class space    used 3110K, committed 3456K, reserved 1048576K
}
Event: 7.341 GC heap after
{Heap after GC invocations=12 (full 1):
 PSYoungGen      total 25088K, used 2530K [0x00000000eab00000, 0x00000000ec700000, 0x0000000100000000)
  eden space 22528K, 0% used [0x00000000eab00000,0x00000000eab00000,0x00000000ec100000)
  from space 2560K, 98% used [0x00000000ec280000,0x00000000ec4f8820,0x00000000ec500000)
  to   space 2048K, 0% used [0x00000000ec500000,0x00000000ec500000,0x00000000ec700000)
 ParOldGen       total 68608K, used 17451K [0x00000000c0000000, 0x00000000c4300000, 0x00000000eab00000)
  object space 68608K, 25% used [0x00000000c0000000,0x00000000c110ae90,0x00000000c4300000)
 Metaspace       used 31620K, committed 32448K, reserved 1081344K
  class space    used 3110K, committed 3456K, reserved 1048576K
}
Event: 8.095 GC heap before
{Heap before GC invocations=13 (full 1):
 PSYoungGen      total 25088K, used 25013K [0x00000000eab00000, 0x00000000ec700000, 0x0000000100000000)
  eden space 22528K, 99% used [0x00000000eab00000,0x00000000ec0f4cb8,0x00000000ec100000)
  from space 2560K, 98% used [0x00000000ec280000,0x00000000ec4f8820,0x00000000ec500000)
  to   space 2048K, 0% used [0x00000000ec500000,0x00000000ec500000,0x00000000ec700000)
 ParOldGen       total 68608K, used 17451K [0x00000000c0000000, 0x00000000c4300000, 0x00000000eab00000)
  object space 68608K, 25% used [0x00000000c0000000,0x00000000c110ae90,0x00000000c4300000)
 Metaspace       used 33836K, committed 34688K, reserved 1081344K
  class space    used 3348K, committed 3712K, reserved 1048576K
}
Event: 8.097 GC heap after
{Heap after GC invocations=13 (full 1):
 PSYoungGen      total 24064K, used 1835K [0x00000000eab00000, 0x00000000ec700000, 0x0000000100000000)
  eden space 22016K, 0% used [0x00000000eab00000,0x00000000eab00000,0x00000000ec080000)
  from space 2048K, 89% used [0x00000000ec500000,0x00000000ec6caf00,0x00000000ec700000)
  to   space 2560K, 0% used [0x00000000ec200000,0x00000000ec200000,0x00000000ec480000)
 ParOldGen       total 68608K, used 19829K [0x00000000c0000000, 0x00000000c4300000, 0x00000000eab00000)
  object space 68608K, 28% used [0x00000000c0000000,0x00000000c135d6b0,0x00000000c4300000)
 Metaspace       used 33836K, committed 34688K, reserved 1081344K
  class space    used 3348K, committed 3712K, reserved 1048576K
}
Event: 8.750 GC heap before
{Heap before GC invocations=14 (full 1):
 PSYoungGen      total 24064K, used 23851K [0x00000000eab00000, 0x00000000ec700000, 0x0000000100000000)
  eden space 22016K, 100% used [0x00000000eab00000,0x00000000ec080000,0x00000000ec080000)
  from space 2048K, 89% used [0x00000000ec500000,0x00000000ec6caf00,0x00000000ec700000)
  to   space 2560K, 0% used [0x00000000ec200000,0x00000000ec200000,0x00000000ec480000)
 ParOldGen       total 68608K, used 19829K [0x00000000c0000000, 0x00000000c4300000, 0x00000000eab00000)
  object space 68608K, 28% used [0x00000000c0000000,0x00000000c135d6b0,0x00000000c4300000)
 Metaspace       used 34760K, committed 35584K, reserved 1081344K
  class space    used 3466K, committed 3840K, reserved 1048576K
}
Event: 8.751 GC heap after
{Heap after GC invocations=14 (full 1):
 PSYoungGen      total 22528K, used 512K [0x00000000eab00000, 0x00000000ec580000, 0x0000000100000000)
  eden space 22016K, 0% used [0x00000000eab00000,0x00000000eab00000,0x00000000ec080000)
  from space 512K, 100% used [0x00000000ec200000,0x00000000ec280000,0x00000000ec280000)
  to   space 1536K, 0% used [0x00000000ec400000,0x00000000ec400000,0x00000000ec580000)
 ParOldGen       total 68608K, used 21484K [0x00000000c0000000, 0x00000000c4300000, 0x00000000eab00000)
  object space 68608K, 31% used [0x00000000c0000000,0x00000000c14fb0f0,0x00000000c4300000)
 Metaspace       used 34760K, committed 35584K, reserved 1081344K
  class space    used 3466K, committed 3840K, reserved 1048576K
}
Event: 8.948 GC heap before
{Heap before GC invocations=15 (full 1):
 PSYoungGen      total 22528K, used 6396K [0x00000000eab00000, 0x00000000ec580000, 0x0000000100000000)
  eden space 22016K, 26% used [0x00000000eab00000,0x00000000eb0bf0a8,0x00000000ec080000)
  from space 512K, 100% used [0x00000000ec200000,0x00000000ec280000,0x00000000ec280000)
  to   space 1536K, 0% used [0x00000000ec400000,0x00000000ec400000,0x00000000ec580000)
 ParOldGen       total 68608K, used 21484K [0x00000000c0000000, 0x00000000c4300000, 0x00000000eab00000)
  object space 68608K, 31% used [0x00000000c0000000,0x00000000c14fb0f0,0x00000000c4300000)
 Metaspace       used 35074K, committed 35840K, reserved 1081344K
  class space    used 3496K, committed 3840K, reserved 1048576K
}
Event: 8.949 GC heap after
{Heap after GC invocations=15 (full 1):
 PSYoungGen      total 23040K, used 576K [0x00000000eab00000, 0x00000000ec500000, 0x0000000100000000)
  eden space 22016K, 0% used [0x00000000eab00000,0x00000000eab00000,0x00000000ec080000)
  from space 1024K, 56% used [0x00000000ec400000,0x00000000ec490010,0x00000000ec500000)
  to   space 1024K, 0% used [0x00000000ec300000,0x00000000ec300000,0x00000000ec400000)
 ParOldGen       total 68608K, used 21740K [0x00000000c0000000, 0x00000000c4300000, 0x00000000eab00000)
  object space 68608K, 31% used [0x00000000c0000000,0x00000000c153b0f0,0x00000000c4300000)
 Metaspace       used 35074K, committed 35840K, reserved 1081344K
  class space    used 3496K, committed 3840K, reserved 1048576K
}
Event: 8.949 GC heap before
{Heap before GC invocations=16 (full 2):
 PSYoungGen      total 23040K, used 576K [0x00000000eab00000, 0x00000000ec500000, 0x0000000100000000)
  eden space 22016K, 0% used [0x00000000eab00000,0x00000000eab00000,0x00000000ec080000)
  from space 1024K, 56% used [0x00000000ec400000,0x00000000ec490010,0x00000000ec500000)
  to   space 1024K, 0% used [0x00000000ec300000,0x00000000ec300000,0x00000000ec400000)
 ParOldGen       total 68608K, used 21740K [0x00000000c0000000, 0x00000000c4300000, 0x00000000eab00000)
  object space 68608K, 31% used [0x00000000c0000000,0x00000000c153b0f0,0x00000000c4300000)
 Metaspace       used 35074K, committed 35840K, reserved 1081344K
  class space    used 3496K, committed 3840K, reserved 1048576K
}
Event: 8.984 GC heap after
{Heap after GC invocations=16 (full 2):
 PSYoungGen      total 23040K, used 0K [0x00000000eab00000, 0x00000000ec500000, 0x0000000100000000)
  eden space 22016K, 0% used [0x00000000eab00000,0x00000000eab00000,0x00000000ec080000)
  from space 1024K, 0% used [0x00000000ec400000,0x00000000ec400000,0x00000000ec500000)
  to   space 1024K, 0% used [0x00000000ec300000,0x00000000ec300000,0x00000000ec400000)
 ParOldGen       total 68608K, used 21071K [0x00000000c0000000, 0x00000000c4300000, 0x00000000eab00000)
  object space 68608K, 30% used [0x00000000c0000000,0x00000000c1493d28,0x00000000c4300000)
 Metaspace       used 35074K, committed 35840K, reserved 1081344K
  class space    used 3496K, committed 3840K, reserved 1048576K
}
Event: 9.207 GC heap before
{Heap before GC invocations=17 (full 2):
 PSYoungGen      total 23040K, used 22016K [0x00000000eab00000, 0x00000000ec500000, 0x0000000100000000)
  eden space 22016K, 100% used [0x00000000eab00000,0x00000000ec080000,0x00000000ec080000)
  from space 1024K, 0% used [0x00000000ec400000,0x00000000ec400000,0x00000000ec500000)
  to   space 1024K, 0% used [0x00000000ec300000,0x00000000ec300000,0x00000000ec400000)
 ParOldGen       total 68608K, used 21071K [0x00000000c0000000, 0x00000000c4300000, 0x00000000eab00000)
  object space 68608K, 30% used [0x00000000c0000000,0x00000000c1493d28,0x00000000c4300000)
 Metaspace       used 35700K, committed 36544K, reserved 1081344K
  class space    used 3547K, committed 3968K, reserved 1048576K
}
Event: 9.208 GC heap after
{Heap after GC invocations=17 (full 2):
 PSYoungGen      total 23040K, used 1009K [0x00000000eab00000, 0x00000000ec480000, 0x0000000100000000)
  eden space 22016K, 0% used [0x00000000eab00000,0x00000000eab00000,0x00000000ec080000)
  from space 1024K, 98% used [0x00000000ec300000,0x00000000ec3fc718,0x00000000ec400000)
  to   space 512K, 0% used [0x00000000ec400000,0x00000000ec400000,0x00000000ec480000)
 ParOldGen       total 68608K, used 21111K [0x00000000c0000000, 0x00000000c4300000, 0x00000000eab00000)
  object space 68608K, 30% used [0x00000000c0000000,0x00000000c149dd28,0x00000000c4300000)
 Metaspace       used 35700K, committed 36544K, reserved 1081344K
  class space    used 3547K, committed 3968K, reserved 1048576K
}

