# JRE version: Java(TM) SE Runtime Environment (17.0.6+9) (build 17.0.6+9-LTS-190)
# Java VM: Java HotSpot(TM) 64-Bit Server VM (17.0.6+9-LTS-190, mixed mode, sharing, tiered, compressed oops, compressed class ptrs, parallel gc, windows-amd64)
GC Precious Log:
 CPUs: 20 total, 20 available
 Memory: 16300M
 Large Page Support: Disabled
 NUMA Support: Disabled
 Compressed Oops: Enabled (32-bit)
 Alignments: Space 512K, Generation 512K, Heap 2M
 Heap Min Capacity: 100M
 Heap Initial Capacity: 100M
 Heap Max Capacity: 1G
 Pre-touch: Disabled
 Parallel Workers: 15
Heap:
 PSYoungGen      total 23040K, used 13882K [0x00000000eab00000, 0x00000000ec600000, 0x0000000100000000)
  eden space 18944K, 53% used [0x00000000eab00000,0x00000000eb4fcd38,0x00000000ebd80000)
  from space 4096K, 89% used [0x00000000ec200000,0x00000000ec591e38,0x00000000ec600000)
  to   space 4096K, 0% used [0x00000000ebd80000,0x00000000ebd80000,0x00000000ec180000)
 ParOldGen       total 68608K, used 51979K [0x00000000c0000000, 0x00000000c4300000, 0x00000000eab00000)
  object space 68608K, 75% used [0x00000000c0000000,0x00000000c32c2f40,0x00000000c4300000)
 Metaspace       used 45211K, committed 46208K, reserved 1097728K
  class space    used 4720K, committed 5184K, reserved 1048576K
GC Heap History (20 events):
Event: 5.987 GC heap before
{Heap before GC invocations=16 (full 2):
 PSYoungGen      total 24576K, used 22016K [0x00000000eab00000, 0x00000000ec780000, 0x0000000100000000)
  eden space 22016K, 100% used [0x00000000eab00000,0x00000000ec080000,0x00000000ec080000)
  from space 2560K, 0% used [0x00000000ec280000,0x00000000ec280000,0x00000000ec500000)
  to   space 1536K, 0% used [0x00000000ec600000,0x00000000ec600000,0x00000000ec780000)
 ParOldGen       total 68608K, used 17901K [0x00000000c0000000, 0x00000000c4300000, 0x00000000eab00000)
  object space 68608K, 26% used [0x00000000c0000000,0x00000000c117b5f0,0x00000000c4300000)
 Metaspace       used 36647K, committed 37632K, reserved 1089536K
  class space    used 3726K, committed 4160K, reserved 1048576K
}
Event: 5.988 GC heap after
{Heap after GC invocations=16 (full 2):
 PSYoungGen      total 23040K, used 1024K [0x00000000eab00000, 0x00000000ec700000, 0x0000000100000000)
  eden space 22016K, 0% used [0x00000000eab00000,0x00000000eab00000,0x00000000ec080000)
  from space 1024K, 100% used [0x00000000ec600000,0x00000000ec700000,0x00000000ec700000)
  to   space 1536K, 0% used [0x00000000ec400000,0x00000000ec400000,0x00000000ec580000)
 ParOldGen       total 68608K, used 17909K [0x00000000c0000000, 0x00000000c4300000, 0x00000000eab00000)
  object space 68608K, 26% used [0x00000000c0000000,0x00000000c117d5f0,0x00000000c4300000)
 Metaspace       used 36647K, committed 37632K, reserved 1089536K
  class space    used 3726K, committed 4160K, reserved 1048576K
}
Event: 6.205 GC heap before
{Heap before GC invocations=17 (full 2):
 PSYoungGen      total 23040K, used 23040K [0x00000000eab00000, 0x00000000ec700000, 0x0000000100000000)
  eden space 22016K, 100% used [0x00000000eab00000,0x00000000ec080000,0x00000000ec080000)
  from space 1024K, 100% used [0x00000000ec600000,0x00000000ec700000,0x00000000ec700000)
  to   space 1536K, 0% used [0x00000000ec400000,0x00000000ec400000,0x00000000ec580000)
 ParOldGen       total 68608K, used 17909K [0x00000000c0000000, 0x00000000c4300000, 0x00000000eab00000)
  object space 68608K, 26% used [0x00000000c0000000,0x00000000c117d5f0,0x00000000c4300000)
 Metaspace       used 38088K, committed 39104K, reserved 1089536K
  class space    used 3888K, committed 4352K, reserved 1048576K
}
Event: 6.207 GC heap after
{Heap after GC invocations=17 (full 2):
 PSYoungGen      total 23552K, used 1088K [0x00000000eab00000, 0x00000000ec680000, 0x0000000100000000)
  eden space 22016K, 0% used [0x00000000eab00000,0x00000000eab00000,0x00000000ec080000)
  from space 1536K, 70% used [0x00000000ec400000,0x00000000ec510000,0x00000000ec580000)
  to   space 1024K, 0% used [0x00000000ec580000,0x00000000ec580000,0x00000000ec680000)
 ParOldGen       total 68608K, used 18533K [0x00000000c0000000, 0x00000000c4300000, 0x00000000eab00000)
  object space 68608K, 27% used [0x00000000c0000000,0x00000000c1219610,0x00000000c4300000)
 Metaspace       used 38088K, committed 39104K, reserved 1089536K
  class space    used 3888K, committed 4352K, reserved 1048576K
}
Event: 6.602 GC heap before
{Heap before GC invocations=18 (full 2):
 PSYoungGen      total 23552K, used 23104K [0x00000000eab00000, 0x00000000ec680000, 0x0000000100000000)
  eden space 22016K, 100% used [0x00000000eab00000,0x00000000ec080000,0x00000000ec080000)
  from space 1536K, 70% used [0x00000000ec400000,0x00000000ec510000,0x00000000ec580000)
  to   space 1024K, 0% used [0x00000000ec580000,0x00000000ec580000,0x00000000ec680000)
 ParOldGen       total 68608K, used 18533K [0x00000000c0000000, 0x00000000c4300000, 0x00000000eab00000)
  object space 68608K, 27% used [0x00000000c0000000,0x00000000c1219610,0x00000000c4300000)
 Metaspace       used 40025K, committed 41088K, reserved 1089536K
  class space    used 4100K, committed 4608K, reserved 1048576K
}
Event: 6.619 GC heap after
{Heap after GC invocations=18 (full 2):
 PSYoungGen      total 23040K, used 992K [0x00000000eab00000, 0x00000000ec780000, 0x0000000100000000)
  eden space 22016K, 0% used [0x00000000eab00000,0x00000000eab00000,0x00000000ec080000)
  from space 1024K, 96% used [0x00000000ec580000,0x00000000ec678020,0x00000000ec680000)
  to   space 3584K, 0% used [0x00000000ec080000,0x00000000ec080000,0x00000000ec400000)
 ParOldGen       total 68608K, used 20708K [0x00000000c0000000, 0x00000000c4300000, 0x00000000eab00000)
  object space 68608K, 30% used [0x00000000c0000000,0x00000000c14391b8,0x00000000c4300000)
 Metaspace       used 40025K, committed 41088K, reserved 1089536K
  class space    used 4100K, committed 4608K, reserved 1048576K
}
Event: 6.920 GC heap before
{Heap before GC invocations=19 (full 2):
 PSYoungGen      total 23040K, used 23008K [0x00000000eab00000, 0x00000000ec780000, 0x0000000100000000)
  eden space 22016K, 100% used [0x00000000eab00000,0x00000000ec080000,0x00000000ec080000)
  from space 1024K, 96% used [0x00000000ec580000,0x00000000ec678020,0x00000000ec680000)
  to   space 3584K, 0% used [0x00000000ec080000,0x00000000ec080000,0x00000000ec400000)
 ParOldGen       total 68608K, used 20708K [0x00000000c0000000, 0x00000000c4300000, 0x00000000eab00000)
  object space 68608K, 30% used [0x00000000c0000000,0x00000000c14391b8,0x00000000c4300000)
 Metaspace       used 41173K, committed 42240K, reserved 1089536K
  class space    used 4224K, committed 4736K, reserved 1048576K
}
Event: 6.929 GC heap after
{Heap after GC invocations=19 (full 2):
 PSYoungGen      total 25600K, used 3573K [0x00000000eab00000, 0x00000000eca80000, 0x0000000100000000)
  eden space 22016K, 0% used [0x00000000eab00000,0x00000000eab00000,0x00000000ec080000)
  from space 3584K, 99% used [0x00000000ec080000,0x00000000ec3fd698,0x00000000ec400000)
  to   space 5120K, 0% used [0x00000000ec580000,0x00000000ec580000,0x00000000eca80000)
 ParOldGen       total 68608K, used 21791K [0x00000000c0000000, 0x00000000c4300000, 0x00000000eab00000)
  object space 68608K, 31% used [0x00000000c0000000,0x00000000c1547cd8,0x00000000c4300000)
 Metaspace       used 41173K, committed 42240K, reserved 1089536K
  class space    used 4224K, committed 4736K, reserved 1048576K
}
Event: 7.042 GC heap before
{Heap before GC invocations=20 (full 2):
 PSYoungGen      total 25600K, used 25589K [0x00000000eab00000, 0x00000000eca80000, 0x0000000100000000)
  eden space 22016K, 100% used [0x00000000eab00000,0x00000000ec080000,0x00000000ec080000)
  from space 3584K, 99% used [0x00000000ec080000,0x00000000ec3fd698,0x00000000ec400000)
  to   space 5120K, 0% used [0x00000000ec580000,0x00000000ec580000,0x00000000eca80000)
 ParOldGen       total 68608K, used 21791K [0x00000000c0000000, 0x00000000c4300000, 0x00000000eab00000)
  object space 68608K, 31% used [0x00000000c0000000,0x00000000c1547cd8,0x00000000c4300000)
 Metaspace       used 42201K, committed 43264K, reserved 1089536K
  class space    used 4361K, committed 4864K, reserved 1048576K
}
Event: 7.048 GC heap after
{Heap after GC invocations=20 (full 2):
 PSYoungGen      total 25600K, used 3455K [0x00000000eab00000, 0x00000000ec900000, 0x0000000100000000)
  eden space 22016K, 0% used [0x00000000eab00000,0x00000000eab00000,0x00000000ec080000)
  from space 3584K, 96% used [0x00000000ec580000,0x00000000ec8dfda8,0x00000000ec900000)
  to   space 4096K, 0% used [0x00000000ec100000,0x00000000ec100000,0x00000000ec500000)
 ParOldGen       total 68608K, used 25198K [0x00000000c0000000, 0x00000000c4300000, 0x00000000eab00000)
  object space 68608K, 36% used [0x00000000c0000000,0x00000000c189b9e8,0x00000000c4300000)
 Metaspace       used 42201K, committed 43264K, reserved 1089536K
  class space    used 4361K, committed 4864K, reserved 1048576K
}
Event: 7.144 GC heap before
{Heap before GC invocations=21 (full 2):
 PSYoungGen      total 25600K, used 25471K [0x00000000eab00000, 0x00000000ec900000, 0x0000000100000000)
  eden space 22016K, 100% used [0x00000000eab00000,0x00000000ec080000,0x00000000ec080000)
  from space 3584K, 96% used [0x00000000ec580000,0x00000000ec8dfda8,0x00000000ec900000)
  to   space 4096K, 0% used [0x00000000ec100000,0x00000000ec100000,0x00000000ec500000)
 ParOldGen       total 68608K, used 25198K [0x00000000c0000000, 0x00000000c4300000, 0x00000000eab00000)
  object space 68608K, 36% used [0x00000000c0000000,0x00000000c189b9e8,0x00000000c4300000)
 Metaspace       used 42508K, committed 43520K, reserved 1089536K
  class space    used 4402K, committed 4864K, reserved 1048576K
}
Event: 7.148 GC heap after
{Heap after GC invocations=21 (full 2):
 PSYoungGen      total 25600K, used 3242K [0x00000000eab00000, 0x00000000ec780000, 0x0000000100000000)
  eden space 22016K, 0% used [0x00000000eab00000,0x00000000eab00000,0x00000000ec080000)
  from space 3584K, 90% used [0x00000000ec100000,0x00000000ec42aa60,0x00000000ec480000)
  to   space 3072K, 0% used [0x00000000ec480000,0x00000000ec480000,0x00000000ec780000)
 ParOldGen       total 68608K, used 28387K [0x00000000c0000000, 0x00000000c4300000, 0x00000000eab00000)
  object space 68608K, 41% used [0x00000000c0000000,0x00000000c1bb8e48,0x00000000c4300000)
 Metaspace       used 42508K, committed 43520K, reserved 1089536K
  class space    used 4402K, committed 4864K, reserved 1048576K
}
Event: 7.206 GC heap before
{Heap before GC invocations=22 (full 2):
 PSYoungGen      total 25600K, used 25258K [0x00000000eab00000, 0x00000000ec780000, 0x0000000100000000)
  eden space 22016K, 100% used [0x00000000eab00000,0x00000000ec080000,0x00000000ec080000)
  from space 3584K, 90% used [0x00000000ec100000,0x00000000ec42aa60,0x00000000ec480000)
  to   space 3072K, 0% used [0x00000000ec480000,0x00000000ec480000,0x00000000ec780000)
 ParOldGen       total 68608K, used 28387K [0x00000000c0000000, 0x00000000c4300000, 0x00000000eab00000)
  object space 68608K, 41% used [0x00000000c0000000,0x00000000c1bb8e48,0x00000000c4300000)
 Metaspace       used 42678K, committed 43712K, reserved 1089536K
  class space    used 4424K, committed 4928K, reserved 1048576K
}
Event: 7.219 GC heap after
{Heap after GC invocations=22 (full 2):
 PSYoungGen      total 22016K, used 3045K [0x00000000eab00000, 0x00000000ece80000, 0x0000000100000000)
  eden space 18944K, 0% used [0x00000000eab00000,0x00000000eab00000,0x00000000ebd80000)
  from space 3072K, 99% used [0x00000000ec480000,0x00000000ec779510,0x00000000ec780000)
  to   space 7168K, 0% used [0x00000000ebd80000,0x00000000ebd80000,0x00000000ec480000)
 ParOldGen       total 68608K, used 31545K [0x00000000c0000000, 0x00000000c4300000, 0x00000000eab00000)
  object space 68608K, 45% used [0x00000000c0000000,0x00000000c1ece538,0x00000000c4300000)
 Metaspace       used 42678K, committed 43712K, reserved 1089536K
  class space    used 4424K, committed 4928K, reserved 1048576K
}
Event: 7.253 GC heap before
{Heap before GC invocations=23 (full 2):
 PSYoungGen      total 22016K, used 21989K [0x00000000eab00000, 0x00000000ece80000, 0x0000000100000000)
  eden space 18944K, 100% used [0x00000000eab00000,0x00000000ebd80000,0x00000000ebd80000)
  from space 3072K, 99% used [0x00000000ec480000,0x00000000ec779510,0x00000000ec780000)
  to   space 7168K, 0% used [0x00000000ebd80000,0x00000000ebd80000,0x00000000ec480000)
 ParOldGen       total 68608K, used 31545K [0x00000000c0000000, 0x00000000c4300000, 0x00000000eab00000)
  object space 68608K, 45% used [0x00000000c0000000,0x00000000c1ece538,0x00000000c4300000)
 Metaspace       used 42845K, committed 43840K, reserved 1089536K
  class space    used 4448K, committed 4928K, reserved 1048576K
}
Event: 7.256 GC heap after
{Heap after GC invocations=23 (full 2):
 PSYoungGen      total 22016K, used 2902K [0x00000000eab00000, 0x00000000ec580000, 0x0000000100000000)
  eden space 18944K, 0% used [0x00000000eab00000,0x00000000eab00000,0x00000000ebd80000)
  from space 3072K, 94% used [0x00000000ebd80000,0x00000000ec055a40,0x00000000ec080000)
  to   space 4096K, 0% used [0x00000000ec180000,0x00000000ec180000,0x00000000ec580000)
 ParOldGen       total 68608K, used 34510K [0x00000000c0000000, 0x00000000c4300000, 0x00000000eab00000)
  object space 68608K, 50% used [0x00000000c0000000,0x00000000c21b3800,0x00000000c4300000)
 Metaspace       used 42845K, committed 43840K, reserved 1089536K
  class space    used 4448K, committed 4928K, reserved 1048576K
}
Event: 7.310 GC heap before
{Heap before GC invocations=24 (full 2):
 PSYoungGen      total 22016K, used 21846K [0x00000000eab00000, 0x00000000ec580000, 0x0000000100000000)
  eden space 18944K, 100% used [0x00000000eab00000,0x00000000ebd80000,0x00000000ebd80000)
  from space 3072K, 94% used [0x00000000ebd80000,0x00000000ec055a40,0x00000000ec080000)
  to   space 4096K, 0% used [0x00000000ec180000,0x00000000ec180000,0x00000000ec580000)
 ParOldGen       total 68608K, used 34510K [0x00000000c0000000, 0x00000000c4300000, 0x00000000eab00000)
  object space 68608K, 50% used [0x00000000c0000000,0x00000000c21b3800,0x00000000c4300000)
 Metaspace       used 43206K, committed 44288K, reserved 1089536K
  class space    used 4484K, committed 4992K, reserved 1048576K
}
Event: 7.331 GC heap after
{Heap after GC invocations=24 (full 2):
 PSYoungGen      total 23040K, used 3744K [0x00000000eab00000, 0x00000000ec580000, 0x0000000100000000)
  eden space 18944K, 0% used [0x00000000eab00000,0x00000000eab00000,0x00000000ebd80000)
  from space 4096K, 91% used [0x00000000ec180000,0x00000000ec528348,0x00000000ec580000)
  to   space 4096K, 0% used [0x00000000ebd80000,0x00000000ebd80000,0x00000000ec180000)
 ParOldGen       total 68608K, used 37116K [0x00000000c0000000, 0x00000000c4300000, 0x00000000eab00000)
  object space 68608K, 54% used [0x00000000c0000000,0x00000000c243f3c8,0x00000000c4300000)
 Metaspace       used 43206K, committed 44288K, reserved 1089536K
  class space    used 4484K, committed 4992K, reserved 1048576K
}
Event: 7.389 GC heap before
{Heap before GC invocations=25 (full 2):
 PSYoungGen      total 23040K, used 22688K [0x00000000eab00000, 0x00000000ec580000, 0x0000000100000000)
  eden space 18944K, 100% used [0x00000000eab00000,0x00000000ebd80000,0x00000000ebd80000)
  from space 4096K, 91% used [0x00000000ec180000,0x00000000ec528348,0x00000000ec580000)
  to   space 4096K, 0% used [0x00000000ebd80000,0x00000000ebd80000,0x00000000ec180000)
 ParOldGen       total 68608K, used 37116K [0x00000000c0000000, 0x00000000c4300000, 0x00000000eab00000)
  object space 68608K, 54% used [0x00000000c0000000,0x00000000c243f3c8,0x00000000c4300000)
 Metaspace       used 43462K, committed 44544K, reserved 1089536K
  class space    used 4518K, committed 4992K, reserved 1048576K
}
Event: 7.391 GC heap after
{Heap after GC invocations=25 (full 2):
 PSYoungGen      total 23040K, used 4069K [0x00000000eab00000, 0x00000000ec580000, 0x0000000100000000)
  eden space 18944K, 0% used [0x00000000eab00000,0x00000000eab00000,0x00000000ebd80000)
  from space 4096K, 99% used [0x00000000ebd80000,0x00000000ec179400,0x00000000ec180000)
  to   space 4096K, 0% used [0x00000000ec180000,0x00000000ec180000,0x00000000ec580000)
 ParOldGen       total 68608K, used 40658K [0x00000000c0000000, 0x00000000c4300000, 0x00000000eab00000)
  object space 68608K, 59% used [0x00000000c0000000,0x00000000c27b4830,0x00000000c4300000)
 Metaspace       used 43462K, committed 44544K, reserved 1089536K
  class space    used 4518K, committed 4992K, reserved 1048576K
}

