# JRE version: Java(TM) SE Runtime Environment (17.0.6+9) (build 17.0.6+9-LTS-190)
# Java VM: Java HotSpot(TM) 64-Bit Server VM (17.0.6+9-LTS-190, mixed mode, sharing, tiered, compressed oops, compressed class ptrs, parallel gc, windows-amd64)
GC Precious Log:
 CPUs: 20 total, 20 available
 Memory: 16300M
 Large Page Support: Disabled
 NUMA Support: Disabled
 Compressed Oops: Enabled (32-bit)
 Alignments: Space 512K, Generation 512K, Heap 2M
 Heap Min Capacity: 100M
 Heap Initial Capacity: 100M
 Heap Max Capacity: 1G
 Pre-touch: Disabled
 Parallel Workers: 15
Heap:
 PSYoungGen      total 22528K, used 13150K [0x00000000eab00000, 0x00000000ec500000, 0x0000000100000000)
  eden space 18432K, 49% used [0x00000000eab00000,0x00000000eb3e9ea0,0x00000000ebd00000)
  from space 4096K, 98% used [0x00000000ebd80000,0x00000000ec16dd28,0x00000000ec180000)
  to   space 3584K, 0% used [0x00000000ec180000,0x00000000ec180000,0x00000000ec500000)
 ParOldGen       total 92672K, used 85542K [0x00000000c0000000, 0x00000000c5a80000, 0x00000000eab00000)
  object space 92672K, 92% used [0x00000000c0000000,0x00000000c5389a50,0x00000000c5a80000)
 Metaspace       used 46798K, committed 47872K, reserved 1097728K
  class space    used 4896K, committed 5376K, reserved 1048576K
GC Heap History (20 events):
Event: 8.057 GC heap before
{Heap before GC invocations=28 (full 2):
 PSYoungGen      total 25088K, used 24800K [0x00000000eab00000, 0x00000000eca00000, 0x0000000100000000)
  eden space 20480K, 100% used [0x00000000eab00000,0x00000000ebf00000,0x00000000ebf00000)
  from space 4608K, 93% used [0x00000000ec180000,0x00000000ec5b8128,0x00000000ec600000)
  to   space 4096K, 0% used [0x00000000ec600000,0x00000000ec600000,0x00000000eca00000)
 ParOldGen       total 68608K, used 50586K [0x00000000c0000000, 0x00000000c4300000, 0x00000000eab00000)
  object space 68608K, 73% used [0x00000000c0000000,0x00000000c3166818,0x00000000c4300000)
 Metaspace       used 44109K, committed 45184K, reserved 1089536K
  class space    used 4585K, committed 5056K, reserved 1048576K
}
Event: 8.069 GC heap after
{Heap after GC invocations=28 (full 2):
 PSYoungGen      total 22528K, used 4073K [0x00000000eab00000, 0x00000000ed100000, 0x0000000100000000)
  eden space 18432K, 0% used [0x00000000eab00000,0x00000000eab00000,0x00000000ebd00000)
  from space 4096K, 99% used [0x00000000ec600000,0x00000000ec9fa428,0x00000000eca00000)
  to   space 9216K, 0% used [0x00000000ebd00000,0x00000000ebd00000,0x00000000ec600000)
 ParOldGen       total 68608K, used 54678K [0x00000000c0000000, 0x00000000c4300000, 0x00000000eab00000)
  object space 68608K, 79% used [0x00000000c0000000,0x00000000c3565888,0x00000000c4300000)
 Metaspace       used 44109K, committed 45184K, reserved 1089536K
  class space    used 4585K, committed 5056K, reserved 1048576K
}
Event: 8.192 GC heap before
{Heap before GC invocations=29 (full 2):
 PSYoungGen      total 22528K, used 22505K [0x00000000eab00000, 0x00000000ed100000, 0x0000000100000000)
  eden space 18432K, 100% used [0x00000000eab00000,0x00000000ebd00000,0x00000000ebd00000)
  from space 4096K, 99% used [0x00000000ec600000,0x00000000ec9fa428,0x00000000eca00000)
  to   space 9216K, 0% used [0x00000000ebd00000,0x00000000ebd00000,0x00000000ec600000)
 ParOldGen       total 68608K, used 54678K [0x00000000c0000000, 0x00000000c4300000, 0x00000000eab00000)
  object space 68608K, 79% used [0x00000000c0000000,0x00000000c3565888,0x00000000c4300000)
 Metaspace       used 44226K, committed 45312K, reserved 1089536K
  class space    used 4597K, committed 5056K, reserved 1048576K
}
Event: 8.197 GC heap after
{Heap after GC invocations=29 (full 2):
 PSYoungGen      total 22528K, used 3899K [0x00000000eab00000, 0x00000000ec800000, 0x0000000100000000)
  eden space 18432K, 0% used [0x00000000eab00000,0x00000000eab00000,0x00000000ebd00000)
  from space 4096K, 95% used [0x00000000ebd00000,0x00000000ec0cef98,0x00000000ec100000)
  to   space 5632K, 0% used [0x00000000ec280000,0x00000000ec280000,0x00000000ec800000)
 ParOldGen       total 68608K, used 58594K [0x00000000c0000000, 0x00000000c4300000, 0x00000000eab00000)
  object space 68608K, 85% used [0x00000000c0000000,0x00000000c3938ad0,0x00000000c4300000)
 Metaspace       used 44226K, committed 45312K, reserved 1089536K
  class space    used 4597K, committed 5056K, reserved 1048576K
}
Event: 8.279 GC heap before
{Heap before GC invocations=30 (full 2):
 PSYoungGen      total 22528K, used 22331K [0x00000000eab00000, 0x00000000ec800000, 0x0000000100000000)
  eden space 18432K, 100% used [0x00000000eab00000,0x00000000ebd00000,0x00000000ebd00000)
  from space 4096K, 95% used [0x00000000ebd00000,0x00000000ec0cef98,0x00000000ec100000)
  to   space 5632K, 0% used [0x00000000ec280000,0x00000000ec280000,0x00000000ec800000)
 ParOldGen       total 68608K, used 58594K [0x00000000c0000000, 0x00000000c4300000, 0x00000000eab00000)
  object space 68608K, 85% used [0x00000000c0000000,0x00000000c3938ad0,0x00000000c4300000)
 Metaspace       used 44437K, committed 45504K, reserved 1089536K
  class space    used 4628K, committed 5120K, reserved 1048576K
}
Event: 8.282 GC heap after
{Heap after GC invocations=30 (full 2):
 PSYoungGen      total 23040K, used 4368K [0x00000000eab00000, 0x00000000ec700000, 0x0000000100000000)
  eden space 18432K, 0% used [0x00000000eab00000,0x00000000eab00000,0x00000000ebd00000)
  from space 4608K, 94% used [0x00000000ec280000,0x00000000ec6c41a0,0x00000000ec700000)
  to   space 4608K, 0% used [0x00000000ebe00000,0x00000000ebe00000,0x00000000ec280000)
 ParOldGen       total 68608K, used 62186K [0x00000000c0000000, 0x00000000c4300000, 0x00000000eab00000)
  object space 68608K, 90% used [0x00000000c0000000,0x00000000c3cba898,0x00000000c4300000)
 Metaspace       used 44437K, committed 45504K, reserved 1089536K
  class space    used 4628K, committed 5120K, reserved 1048576K
}
Event: 8.349 GC heap before
{Heap before GC invocations=31 (full 2):
 PSYoungGen      total 23040K, used 22800K [0x00000000eab00000, 0x00000000ec700000, 0x0000000100000000)
  eden space 18432K, 100% used [0x00000000eab00000,0x00000000ebd00000,0x00000000ebd00000)
  from space 4608K, 94% used [0x00000000ec280000,0x00000000ec6c41a0,0x00000000ec700000)
  to   space 4608K, 0% used [0x00000000ebe00000,0x00000000ebe00000,0x00000000ec280000)
 ParOldGen       total 68608K, used 62186K [0x00000000c0000000, 0x00000000c4300000, 0x00000000eab00000)
  object space 68608K, 90% used [0x00000000c0000000,0x00000000c3cba898,0x00000000c4300000)
 Metaspace       used 44574K, committed 45632K, reserved 1089536K
  class space    used 4643K, committed 5120K, reserved 1048576K
}
Event: 8.356 GC heap after
{Heap after GC invocations=31 (full 2):
 PSYoungGen      total 23040K, used 4244K [0x00000000eab00000, 0x00000000ec600000, 0x0000000100000000)
  eden space 18432K, 0% used [0x00000000eab00000,0x00000000eab00000,0x00000000ebd00000)
  from space 4608K, 92% used [0x00000000ebe00000,0x00000000ec225138,0x00000000ec280000)
  to   space 3584K, 0% used [0x00000000ec280000,0x00000000ec280000,0x00000000ec600000)
 ParOldGen       total 68608K, used 66121K [0x00000000c0000000, 0x00000000c4300000, 0x00000000eab00000)
  object space 68608K, 96% used [0x00000000c0000000,0x00000000c40926b0,0x00000000c4300000)
 Metaspace       used 44574K, committed 45632K, reserved 1089536K
  class space    used 4643K, committed 5120K, reserved 1048576K
}
Event: 8.356 GC heap before
{Heap before GC invocations=32 (full 3):
 PSYoungGen      total 23040K, used 4244K [0x00000000eab00000, 0x00000000ec600000, 0x0000000100000000)
  eden space 18432K, 0% used [0x00000000eab00000,0x00000000eab00000,0x00000000ebd00000)
  from space 4608K, 92% used [0x00000000ebe00000,0x00000000ec225138,0x00000000ec280000)
  to   space 3584K, 0% used [0x00000000ec280000,0x00000000ec280000,0x00000000ec600000)
 ParOldGen       total 68608K, used 66121K [0x00000000c0000000, 0x00000000c4300000, 0x00000000eab00000)
  object space 68608K, 96% used [0x00000000c0000000,0x00000000c40926b0,0x00000000c4300000)
 Metaspace       used 44574K, committed 45632K, reserved 1089536K
  class space    used 4643K, committed 5120K, reserved 1048576K
}
Event: 8.437 GC heap after
{Heap after GC invocations=32 (full 3):
 PSYoungGen      total 22016K, used 0K [0x00000000eab00000, 0x00000000ec600000, 0x0000000100000000)
  eden space 18432K, 0% used [0x00000000eab00000,0x00000000eab00000,0x00000000ebd00000)
  from space 3584K, 0% used [0x00000000ec280000,0x00000000ec280000,0x00000000ec600000)
  to   space 4608K, 0% used [0x00000000ebd00000,0x00000000ebd00000,0x00000000ec180000)
 ParOldGen       total 92672K, used 63336K [0x00000000c0000000, 0x00000000c5a80000, 0x00000000eab00000)
  object space 92672K, 68% used [0x00000000c0000000,0x00000000c3dda078,0x00000000c5a80000)
 Metaspace       used 44574K, committed 45632K, reserved 1089536K
  class space    used 4643K, committed 5120K, reserved 1048576K
}
Event: 8.524 GC heap before
{Heap before GC invocations=33 (full 3):
 PSYoungGen      total 22016K, used 18432K [0x00000000eab00000, 0x00000000ec600000, 0x0000000100000000)
  eden space 18432K, 100% used [0x00000000eab00000,0x00000000ebd00000,0x00000000ebd00000)
  from space 3584K, 0% used [0x00000000ec280000,0x00000000ec280000,0x00000000ec600000)
  to   space 4608K, 0% used [0x00000000ebd00000,0x00000000ebd00000,0x00000000ec180000)
 ParOldGen       total 92672K, used 63336K [0x00000000c0000000, 0x00000000c5a80000, 0x00000000eab00000)
  object space 92672K, 68% used [0x00000000c0000000,0x00000000c3dda078,0x00000000c5a80000)
 Metaspace       used 44771K, committed 45760K, reserved 1097728K
  class space    used 4666K, committed 5120K, reserved 1048576K
}
Event: 8.531 GC heap after
{Heap after GC invocations=33 (full 3):
 PSYoungGen      total 23040K, used 4023K [0x00000000eab00000, 0x00000000ec600000, 0x0000000100000000)
  eden space 18432K, 0% used [0x00000000eab00000,0x00000000eab00000,0x00000000ebd00000)
  from space 4608K, 87% used [0x00000000ebd00000,0x00000000ec0edcb0,0x00000000ec180000)
  to   space 4608K, 0% used [0x00000000ec180000,0x00000000ec180000,0x00000000ec600000)
 ParOldGen       total 92672K, used 63344K [0x00000000c0000000, 0x00000000c5a80000, 0x00000000eab00000)
  object space 92672K, 68% used [0x00000000c0000000,0x00000000c3ddc078,0x00000000c5a80000)
 Metaspace       used 44771K, committed 45760K, reserved 1097728K
  class space    used 4666K, committed 5120K, reserved 1048576K
}
Event: 8.629 GC heap before
{Heap before GC invocations=34 (full 3):
 PSYoungGen      total 23040K, used 22449K [0x00000000eab00000, 0x00000000ec600000, 0x0000000100000000)
  eden space 18432K, 99% used [0x00000000eab00000,0x00000000ebcfe9a8,0x00000000ebd00000)
  from space 4608K, 87% used [0x00000000ebd00000,0x00000000ec0edcb0,0x00000000ec180000)
  to   space 4608K, 0% used [0x00000000ec180000,0x00000000ec180000,0x00000000ec600000)
 ParOldGen       total 92672K, used 63344K [0x00000000c0000000, 0x00000000c5a80000, 0x00000000eab00000)
  object space 92672K, 68% used [0x00000000c0000000,0x00000000c3ddc078,0x00000000c5a80000)
 Metaspace       used 44944K, committed 45952K, reserved 1097728K
  class space    used 4691K, committed 5184K, reserved 1048576K
}
Event: 8.633 GC heap after
{Heap after GC invocations=34 (full 3):
 PSYoungGen      total 23040K, used 4509K [0x00000000eab00000, 0x00000000ec600000, 0x0000000100000000)
  eden space 18432K, 0% used [0x00000000eab00000,0x00000000eab00000,0x00000000ebd00000)
  from space 4608K, 97% used [0x00000000ec180000,0x00000000ec5e7680,0x00000000ec600000)
  to   space 4608K, 0% used [0x00000000ebd00000,0x00000000ebd00000,0x00000000ec180000)
 ParOldGen       total 92672K, used 66923K [0x00000000c0000000, 0x00000000c5a80000, 0x00000000eab00000)
  object space 92672K, 72% used [0x00000000c0000000,0x00000000c415ad30,0x00000000c5a80000)
 Metaspace       used 44944K, committed 45952K, reserved 1097728K
  class space    used 4691K, committed 5184K, reserved 1048576K
}
Event: 8.698 GC heap before
{Heap before GC invocations=35 (full 3):
 PSYoungGen      total 23040K, used 22941K [0x00000000eab00000, 0x00000000ec600000, 0x0000000100000000)
  eden space 18432K, 100% used [0x00000000eab00000,0x00000000ebd00000,0x00000000ebd00000)
  from space 4608K, 97% used [0x00000000ec180000,0x00000000ec5e7680,0x00000000ec600000)
  to   space 4608K, 0% used [0x00000000ebd00000,0x00000000ebd00000,0x00000000ec180000)
 ParOldGen       total 92672K, used 66923K [0x00000000c0000000, 0x00000000c5a80000, 0x00000000eab00000)
  object space 92672K, 72% used [0x00000000c0000000,0x00000000c415ad30,0x00000000c5a80000)
 Metaspace       used 45079K, committed 46080K, reserved 1097728K
  class space    used 4708K, committed 5184K, reserved 1048576K
}
Event: 8.701 GC heap after
{Heap after GC invocations=35 (full 3):
 PSYoungGen      total 23040K, used 3958K [0x00000000eab00000, 0x00000000ec600000, 0x0000000100000000)
  eden space 18432K, 0% used [0x00000000eab00000,0x00000000eab00000,0x00000000ebd00000)
  from space 4608K, 85% used [0x00000000ebd00000,0x00000000ec0dda70,0x00000000ec180000)
  to   space 4608K, 0% used [0x00000000ec180000,0x00000000ec180000,0x00000000ec600000)
 ParOldGen       total 92672K, used 71075K [0x00000000c0000000, 0x00000000c5a80000, 0x00000000eab00000)
  object space 92672K, 76% used [0x00000000c0000000,0x00000000c4568ce8,0x00000000c5a80000)
 Metaspace       used 45079K, committed 46080K, reserved 1097728K
  class space    used 4708K, committed 5184K, reserved 1048576K
}
Event: 8.775 GC heap before
{Heap before GC invocations=36 (full 3):
 PSYoungGen      total 23040K, used 22390K [0x00000000eab00000, 0x00000000ec600000, 0x0000000100000000)
  eden space 18432K, 100% used [0x00000000eab00000,0x00000000ebd00000,0x00000000ebd00000)
  from space 4608K, 85% used [0x00000000ebd00000,0x00000000ec0dda70,0x00000000ec180000)
  to   space 4608K, 0% used [0x00000000ec180000,0x00000000ec180000,0x00000000ec600000)
 ParOldGen       total 92672K, used 71075K [0x00000000c0000000, 0x00000000c5a80000, 0x00000000eab00000)
  object space 92672K, 76% used [0x00000000c0000000,0x00000000c4568ce8,0x00000000c5a80000)
 Metaspace       used 45425K, committed 46528K, reserved 1097728K
  class space    used 4739K, committed 5248K, reserved 1048576K
}
Event: 8.779 GC heap after
{Heap after GC invocations=36 (full 3):
 PSYoungGen      total 22528K, used 3746K [0x00000000eab00000, 0x00000000ec580000, 0x0000000100000000)
  eden space 18432K, 0% used [0x00000000eab00000,0x00000000eab00000,0x00000000ebd00000)
  from space 4096K, 91% used [0x00000000ec180000,0x00000000ec528868,0x00000000ec580000)
  to   space 4096K, 0% used [0x00000000ebd80000,0x00000000ebd80000,0x00000000ec180000)
 ParOldGen       total 92672K, used 74707K [0x00000000c0000000, 0x00000000c5a80000, 0x00000000eab00000)
  object space 92672K, 80% used [0x00000000c0000000,0x00000000c48f4f90,0x00000000c5a80000)
 Metaspace       used 45425K, committed 46528K, reserved 1097728K
  class space    used 4739K, committed 5248K, reserved 1048576K
}
Event: 8.865 GC heap before
{Heap before GC invocations=37 (full 3):
 PSYoungGen      total 22528K, used 22171K [0x00000000eab00000, 0x00000000ec580000, 0x0000000100000000)
  eden space 18432K, 99% used [0x00000000eab00000,0x00000000ebcfe600,0x00000000ebd00000)
  from space 4096K, 91% used [0x00000000ec180000,0x00000000ec528868,0x00000000ec580000)
  to   space 4096K, 0% used [0x00000000ebd80000,0x00000000ebd80000,0x00000000ec180000)
 ParOldGen       total 92672K, used 74707K [0x00000000c0000000, 0x00000000c5a80000, 0x00000000eab00000)
  object space 92672K, 80% used [0x00000000c0000000,0x00000000c48f4f90,0x00000000c5a80000)
 Metaspace       used 45826K, committed 46912K, reserved 1097728K
  class space    used 4787K, committed 5248K, reserved 1048576K
}
Event: 8.868 GC heap after
{Heap after GC invocations=37 (full 3):
 PSYoungGen      total 22528K, used 3805K [0x00000000eab00000, 0x00000000ec500000, 0x0000000100000000)
  eden space 18432K, 0% used [0x00000000eab00000,0x00000000eab00000,0x00000000ebd00000)
  from space 4096K, 92% used [0x00000000ebd80000,0x00000000ec137560,0x00000000ec180000)
  to   space 3584K, 0% used [0x00000000ec180000,0x00000000ec180000,0x00000000ec500000)
 ParOldGen       total 92672K, used 78206K [0x00000000c0000000, 0x00000000c5a80000, 0x00000000eab00000)
  object space 92672K, 84% used [0x00000000c0000000,0x00000000c4c5fa30,0x00000000c5a80000)
 Metaspace       used 45826K, committed 46912K, reserved 1097728K
  class space    used 4787K, committed 5248K, reserved 1048576K
}

